<?xml version="1.0" encoding="UTF-8"?>
<!-- Generated by org.testng.reporters.JUnitReportReporter -->
<testsuite hostname="DESKTOP-7EP5NVJ" failures="0" tests="3" name="com.automationversion1.testngconcepts.ERPApplication" time="0.028" errors="0" timestamp="2023-08-04T07:52:35 IST" skipped="0">
  <testcase classname="com.automationversion1.testngconcepts.ERPApplication" name="deleteEmployees" time="0.012"/>
  <testcase classname="com.automationversion1.testngconcepts.ERPApplication" name="addEmployees" time="0.003"/>
  <testcase classname="com.automationversion1.testngconcepts.ERPApplication" name="updateEmployees" time="0.013"/>
</testsuite> <!-- com.automationversion1.testngconcepts.ERPApplication -->
