<?xml version="1.0" encoding="UTF-8"?>
<!-- Generated by org.testng.reporters.JUnitReportReporter -->
<testsuite hostname="DESKTOP-7EP5NVJ" failures="0" tests="3" name="com.automationversion1.testngconcepts.EcomTestingUsingTestNG" time="0.026" errors="0" timestamp="2023-08-04T07:55:15 IST" skipped="0">
  <testcase classname="com.automationversion1.testngconcepts.EcomTestingUsingTestNG" name="searchProduct" time="0.012"/>
  <testcase classname="com.automationversion1.testngconcepts.EcomTestingUsingTestNG" name="addToCart" time="0.005"/>
  <testcase classname="com.automationversion1.testngconcepts.EcomTestingUsingTestNG" name="checkOutProduct" time="0.009"/>
</testsuite> <!-- com.automationversion1.testngconcepts.EcomTestingUsingTestNG -->
