<?xml version="1.0" encoding="UTF-8"?>
<!-- Generated by org.testng.reporters.JUnitReportReporter -->
<testsuite hostname="DESKTOP-7EP5NVJ" failures="0" tests="2" name="com.automationversion1.testngconcepts.OrangeHRMTest" time="12.243" errors="0" timestamp="2023-08-07T08:06:38 IST" skipped="0">
  <testcase classname="com.automationversion1.testngconcepts.OrangeHRMTest" name="leavePage" time="6.825"/>
  <testcase classname="com.automationversion1.testngconcepts.OrangeHRMTest" name="adminPage" time="5.418"/>
</testsuite> <!-- com.automationversion1.testngconcepts.OrangeHRMTest -->
