<?xml version="1.0" encoding="UTF-8"?>
<!-- Generated by org.testng.reporters.JUnitReportReporter -->
<testsuite hostname="DESKTOP-7EP5NVJ" failures="0" tests="2" name="com.automationversion1.testngconcepts.OrangeHRMTest" time="10.262" errors="0" timestamp="2023-08-08T06:57:07 IST" skipped="0">
  <testcase classname="com.automationversion1.testngconcepts.OrangeHRMTest" name="leavePage" time="4.999"/>
  <testcase classname="com.automationversion1.testngconcepts.OrangeHRMTest" name="adminPage" time="5.263"/>
</testsuite> <!-- com.automationversion1.testngconcepts.OrangeHRMTest -->
